# JRE version: 7.0_11-b21
# Java VM: Java HotSpot(TM) 64-Bit Server VM (23.6-b04 mixed mode windows-amd64 compressed oops)
Heap
 PSYoungGen      total 75136K, used 15955K [0x00000000fa000000, 0x00000000ff740000, 0x0000000100000000)
  eden space 65472K, 9% used [0x00000000fa000000,0x00000000fa627a28,0x00000000fdff0000)
  from space 9664K, 99% used [0x00000000feae0000,0x00000000ff44d430,0x00000000ff450000)
  to   space 11200K, 0% used [0x00000000fdff0000,0x00000000fdff0000,0x00000000feae0000)
 ParOldGen       total 154880K, used 61380K [0x00000000e8000000, 0x00000000f1740000, 0x00000000fa000000)
  object space 154880K, 39% used [0x00000000e8000000,0x00000000ebbf12e8,0x00000000f1740000)
 PSPermGen       total 107456K, used 66091K [0x00000000e0000000, 0x00000000e68f0000, 0x00000000e8000000)
  object space 107456K, 61% used [0x00000000e0000000,0x00000000e408acb0,0x00000000e68f0000)
GC Heap History (10 events):
Event: 11918.629 GC heap before
{Heap before GC invocations=270 (full 4):
 PSYoungGen      total 75008K, used 72781K [0x00000000fa000000, 0x00000000ff290000, 0x0000000100000000)
  eden space 66752K, 100% used [0x00000000fa000000,0x00000000fe130000,0x00000000fe130000)
  from space 8256K, 73% used [0x00000000fe130000,0x00000000fe713538,0x00000000fe940000)
  to   space 8704K, 0% used [0x00000000fea10000,0x00000000fea10000,0x00000000ff290000)
 ParOldGen       total 154880K, used 60940K [0x00000000e8000000, 0x00000000f1740000, 0x00000000fa000000)
  object space 154880K, 39% used [0x00000000e8000000,0x00000000ebb832e8,0x00000000f1740000)
 PSPermGen       total 107456K, used 66055K [0x00000000e0000000, 0x00000000e68f0000, 0x00000000e8000000)
  object space 107456K, 61% used [0x00000000e0000000,0x00000000e4081ed8,0x00000000e68f0000)
Event: 11918.634 GC heap after
Heap after GC invocations=270 (full 4):
 PSYoungGen      total 75392K, used 6231K [0x00000000fa000000, 0x00000000ff350000, 0x0000000100000000)
  eden space 66688K, 0% used [0x00000000fa000000,0x00000000fa000000,0x00000000fe120000)
  from space 8704K, 71% used [0x00000000fea10000,0x00000000ff025ff0,0x00000000ff290000)
  to   space 9152K, 0% used [0x00000000fe120000,0x00000000fe120000,0x00000000fea10000)
 ParOldGen       total 154880K, used 60940K [0x00000000e8000000, 0x00000000f1740000, 0x00000000fa000000)
  object space 154880K, 39% used [0x00000000e8000000,0x00000000ebb832e8,0x00000000f1740000)
 PSPermGen       total 107456K, used 66055K [0x00000000e0000000, 0x00000000e68f0000, 0x00000000e8000000)
  object space 107456K, 61% used [0x00000000e0000000,0x00000000e4081ed8,0x00000000e68f0000)
}
Event: 11988.455 GC heap before
{Heap before GC invocations=271 (full 4):
 PSYoungGen      total 75392K, used 72919K [0x00000000fa000000, 0x00000000ff350000, 0x0000000100000000)
  eden space 66688K, 100% used [0x00000000fa000000,0x00000000fe120000,0x00000000fe120000)
  from space 8704K, 71% used [0x00000000fea10000,0x00000000ff025ff0,0x00000000ff290000)
  to   space 9152K, 0% used [0x00000000fe120000,0x00000000fe120000,0x00000000fea10000)
 ParOldGen       total 154880K, used 60940K [0x00000000e8000000, 0x00000000f1740000, 0x00000000fa000000)
  object space 154880K, 39% used [0x00000000e8000000,0x00000000ebb832e8,0x00000000f1740000)
 PSPermGen       total 107456K, used 66068K [0x00000000e0000000, 0x00000000e68f0000, 0x00000000e8000000)
  object space 107456K, 61% used [0x00000000e0000000,0x00000000e4085270,0x00000000e68f0000)
Event: 11988.463 GC heap after
Heap after GC invocations=271 (full 4):
 PSYoungGen      total 75840K, used 5925K [0x00000000fa000000, 0x00000000ff3c0000, 0x0000000100000000)
  eden space 66688K, 0% used [0x00000000fa000000,0x00000000fa000000,0x00000000fe120000)
  from space 9152K, 64% used [0x00000000fe120000,0x00000000fe6e9728,0x00000000fea10000)
  to   space 9408K, 0% used [0x00000000fea90000,0x00000000fea90000,0x00000000ff3c0000)
 ParOldGen       total 154880K, used 60940K [0x00000000e8000000, 0x00000000f1740000, 0x00000000fa000000)
  object space 154880K, 39% used [0x00000000e8000000,0x00000000ebb832e8,0x00000000f1740000)
 PSPermGen       total 107456K, used 66068K [0x00000000e0000000, 0x00000000e68f0000, 0x00000000e8000000)
  object space 107456K, 61% used [0x00000000e0000000,0x00000000e4085270,0x00000000e68f0000)
}
Event: 12069.351 GC heap before
{Heap before GC invocations=272 (full 4):
 PSYoungGen      total 75840K, used 72613K [0x00000000fa000000, 0x00000000ff3c0000, 0x0000000100000000)
  eden space 66688K, 100% used [0x00000000fa000000,0x00000000fe120000,0x00000000fe120000)
  from space 9152K, 64% used [0x00000000fe120000,0x00000000fe6e9728,0x00000000fea10000)
  to   space 9408K, 0% used [0x00000000fea90000,0x00000000fea90000,0x00000000ff3c0000)
 ParOldGen       total 154880K, used 60940K [0x00000000e8000000, 0x00000000f1740000, 0x00000000fa000000)
  object space 154880K, 39% used [0x00000000e8000000,0x00000000ebb832e8,0x00000000f1740000)
 PSPermGen       total 107456K, used 66072K [0x00000000e0000000, 0x00000000e68f0000, 0x00000000e8000000)
  object space 107456K, 61% used [0x00000000e0000000,0x00000000e4086098,0x00000000e68f0000)
Event: 12069.361 GC heap after
Heap after GC invocations=272 (full 4):
 PSYoungGen      total 76224K, used 5943K [0x00000000fa000000, 0x00000000ff3f0000, 0x0000000100000000)
  eden space 66816K, 0% used [0x00000000fa000000,0x00000000fa000000,0x00000000fe140000)
  from space 9408K, 63% used [0x00000000fea90000,0x00000000ff05def8,0x00000000ff3c0000)
  to   space 9536K, 0% used [0x00000000fe140000,0x00000000fe140000,0x00000000fea90000)
 ParOldGen       total 154880K, used 60940K [0x00000000e8000000, 0x00000000f1740000, 0x00000000fa000000)
  object space 154880K, 39% used [0x00000000e8000000,0x00000000ebb832e8,0x00000000f1740000)
 PSPermGen       total 107456K, used 66072K [0x00000000e0000000, 0x00000000e68f0000, 0x00000000e8000000)
  object space 107456K, 61% used [0x00000000e0000000,0x00000000e4086098,0x00000000e68f0000)
}
Event: 12138.266 GC heap before
{Heap before GC invocations=273 (full 4):
 PSYoungGen      total 76224K, used 72759K [0x00000000fa000000, 0x00000000ff3f0000, 0x0000000100000000)
  eden space 66816K, 100% used [0x00000000fa000000,0x00000000fe140000,0x00000000fe140000)
  from space 9408K, 63% used [0x00000000fea90000,0x00000000ff05def8,0x00000000ff3c0000)
  to   space 9536K, 0% used [0x00000000fe140000,0x00000000fe140000,0x00000000fea90000)
 ParOldGen       total 154880K, used 60940K [0x00000000e8000000, 0x00000000f1740000, 0x00000000fa000000)
  object space 154880K, 39% used [0x00000000e8000000,0x00000000ebb832e8,0x00000000f1740000)
 PSPermGen       total 107456K, used 66081K [0x00000000e0000000, 0x00000000e68f0000, 0x00000000e8000000)
  object space 107456K, 61% used [0x00000000e0000000,0x00000000e4088490,0x00000000e68f0000)
Event: 12138.271 GC heap after
Heap after GC invocations=273 (full 4):
 PSYoungGen      total 76352K, used 6048K [0x00000000fa000000, 0x00000000ff450000, 0x0000000100000000)
  eden space 66816K, 0% used [0x00000000fa000000,0x00000000fa000000,0x00000000fe140000)
  from space 9536K, 63% used [0x00000000fe140000,0x00000000fe728138,0x00000000fea90000)
  to   space 9664K, 0% used [0x00000000feae0000,0x00000000feae0000,0x00000000ff450000)
 ParOldGen       total 154880K, used 60940K [0x00000000e8000000, 0x00000000f1740000, 0x00000000fa000000)
  object space 154880K, 39% used [0x00000000e8000000,0x00000000ebb832e8,0x00000000f1740000)
 PSPermGen       total 107456K, used 66081K [0x00000000e0000000, 0x00000000e68f0000, 0x00000000e8000000)
  object space 107456K, 61% used [0x00000000e0000000,0x00000000e4088490,0x00000000e68f0000)
}
Event: 12213.268 GC heap before
{Heap before GC invocations=274 (full 4):
 PSYoungGen      total 76352K, used 72864K [0x00000000fa000000, 0x00000000ff450000, 0x0000000100000000)
  eden space 66816K, 100% used [0x00000000fa000000,0x00000000fe140000,0x00000000fe140000)
  from space 9536K, 63% used [0x00000000fe140000,0x00000000fe728138,0x00000000fea90000)
  to   space 9664K, 0% used [0x00000000feae0000,0x00000000feae0000,0x00000000ff450000)
 ParOldGen       total 154880K, used 60940K [0x00000000e8000000, 0x00000000f1740000, 0x00000000fa000000)
  object space 154880K, 39% used [0x00000000e8000000,0x00000000ebb832e8,0x00000000f1740000)
 PSPermGen       total 107456K, used 66091K [0x00000000e0000000, 0x00000000e68f0000, 0x00000000e8000000)
  object space 107456K, 61% used [0x00000000e0000000,0x00000000e408ac90,0x00000000e68f0000)
Event: 12213.282 GC heap after
Heap after GC invocations=274 (full 4):
 PSYoungGen      total 75136K, used 9653K [0x00000000fa000000, 0x00000000ff740000, 0x0000000100000000)
  eden space 65472K, 0% used [0x00000000fa000000,0x00000000fa000000,0x00000000fdff0000)
  from space 9664K, 99% used [0x00000000feae0000,0x00000000ff44d430,0x00000000ff450000)
  to   space 11200K, 0% used [0x00000000fdff0000,0x00000000fdff0000,0x00000000feae0000)
 ParOldGen       total 154880K, used 61380K [0x00000000e8000000, 0x00000000f1740000, 0x00000000fa000000)
  object space 154880K, 39% used [0x00000000e8000000,0x00000000ebbf12e8,0x00000000f1740000)
 PSPermGen       total 107456K, used 66091K [0x00000000e0000000, 0x00000000e68f0000, 0x00000000e8000000)
  object space 107456K, 61% used [0x00000000e0000000,0x00000000e408ac90,0x00000000e68f0000)
}

