11:00:22 **** Auto Build of configuration Debug for project ZyboiRoobo ****
make all 
'Building file: ../src/TinyGPS/TinyGPS.cc'
'Invoking: ARM g++ compiler'
arm-xilinx-eabi-g++ -Wall -O0 -g3 -c -fmessage-length=0 -I../../ZyboiRoobo_bsp/ps7_cortexa9_0/include -MMD -MP -MF"src/TinyGPS/TinyGPS.d" -MT"src/TinyGPS/TinyGPS.d" -o "src/TinyGPS/TinyGPS.o" "../src/TinyGPS/TinyGPS.cc"
../src/TinyGPS/TinyGPS.cc: In static member function 'static float TinyGPS::distance_between(float, float, float, float)':
../src/TinyGPS/TinyGPS.cc:303:36: error: 'radians' was not declared in this scope
../src/TinyGPS/TinyGPS.cc:313:19: error: 'sq' was not declared in this scope
../src/TinyGPS/TinyGPS.cc: In static member function 'static float TinyGPS::course_to(float, float, float, float)':
../src/TinyGPS/TinyGPS.cc:327:35: error: 'radians' was not declared in this scope
../src/TinyGPS/TinyGPS.cc:336:11: error: 'TWO_PI' was not declared in this scope
../src/TinyGPS/TinyGPS.cc:338:20: error: 'degrees' was not declared in this scope
../src/TinyGPS/TinyGPS.cc: In member function 'void TinyGPS::get_position(long int*, long int*, long unsigned int*)':
../src/TinyGPS/TinyGPS.cc:356:29: error: 'millis' was not declared in this scope
../src/TinyGPS/TinyGPS.cc: In member function 'void TinyGPS::get_datetime(long unsigned int*, long unsigned int*, long unsigned int*)':
../src/TinyGPS/TinyGPS.cc:365:29: error: 'millis' was not declared in this scope
../src/TinyGPS/TinyGPS.cc: In static member function 'static float TinyGPS::course_to(float, float, float, float)':
../src/TinyGPS/TinyGPS.cc:339:1: warning: control reaches end of non-void function [-Wreturn-type]
make: *** [src/TinyGPS/TinyGPS.o] Error 1

11:00:22 Build Finished (took 515ms)

